Using pre-set license
Built from '2020.3/staging' branch; Version is '2020.3.10f1 (297d780c91bc) revision 2719096'; Using compiler version '192528614'; Build Type 'Release'
OS: 'Windows 10 Pro; OS build 19043.1110; Version 2009; 64bit' Language: 'en' Physical Memory: 16301 MB
BatchMode: 1, IsHumanControllingUs: 0, StartBugReporterOnCrash: 0, Is64bit: 1, IsPro: 0

 COMMAND LINE ARGUMENTS:
C:\Program Files\Unity\Hub\Editor\2020.3.10f1\Editor\Unity.exe
-adb2
-batchMode
-noUpm
-name
AssetImportWorker0
-projectPath
C:/Users/Quincy/Documents/Culmination/Culmation-Project/Battle of the Elements
-logFile
Logs/AssetImportWorker0.log
-srvPort
50748
Successfully changed project path to: C:/Users/Quincy/Documents/Culmination/Culmation-Project/Battle of the Elements
C:/Users/Quincy/Documents/Culmination/Culmation-Project/Battle of the Elements
Using Asset Import Pipeline V2.
Refreshing native plugins compatible for Editor in 29.39 ms, found 2 plugins.
Preloading 0 native plugins for Editor in 0.00 ms.
Initialize engine version: 2020.3.10f1 (297d780c91bc)
[Subsystems] Discovering subsystems at path C:/Program Files/Unity/Hub/Editor/2020.3.10f1/Editor/Data/Resources/UnitySubsystems
[Subsystems] Discovering subsystems at path C:/Users/Quincy/Documents/Culmination/Culmation-Project/Battle of the Elements/Assets
GfxDevice: creating device client; threaded=0
Direct3D:
    Version:  Direct3D 11.0 [level 11.1]
    Renderer: Intel(R) UHD Graphics 620 (ID=0x5917)
    Vendor:   
    VRAM:     8150 MB
    Driver:   27.20.100.8682
Initialize mono
Mono path[0] = 'C:/Program Files/Unity/Hub/Editor/2020.3.10f1/Editor/Data/Managed'
Mono path[1] = 'C:/Program Files/Unity/Hub/Editor/2020.3.10f1/Editor/Data/MonoBleedingEdge/lib/mono/unityjit'
Mono config path = 'C:/Program Files/Unity/Hub/Editor/2020.3.10f1/Editor/Data/MonoBleedingEdge/etc'
Using monoOptions --debugger-agent=transport=dt_socket,embedding=1,server=y,suspend=n,address=127.0.0.1:56500
Begin MonoManager ReloadAssembly
Registering precompiled unity dll's ...
Register platform support module: C:/Program Files/Unity/Hub/Editor/2020.3.10f1/Editor/Data/PlaybackEngines/WindowsStandaloneSupport/UnityEditor.WindowsStandalone.Extensions.dll
Registered in 0.002487 seconds.
Native extension for WindowsStandalone target not found
Refreshing native plugins compatible for Editor in 25.44 ms, found 2 plugins.
Preloading 0 native plugins for Editor in 0.00 ms.
Mono: successfully reloaded assembly
- Completed reload, in  1.160 seconds
Platform modules already initialized, skipping
Registering precompiled user dll's ...
Registered in 0.004999 seconds.
Begin MonoManager ReloadAssembly
Native extension for WindowsStandalone target not found
Refreshing native plugins compatible for Editor in 0.34 ms, found 2 plugins.
Preloading 0 native plugins for Editor in 0.00 ms.
Mono: successfully reloaded assembly
- Completed reload, in  1.085 seconds
Platform modules already initialized, skipping
========================================================================
Worker process is ready to serve import requests
Launched and connected shader compiler UnityShaderCompiler.exe after 0.05 seconds
Refreshing native plugins compatible for Editor in 0.33 ms, found 2 plugins.
Preloading 0 native plugins for Editor in 0.00 ms.
Unloading 1386 Unused Serialized files (Serialized files now loaded: 0)
System memory in use before: 65.1 MB.
System memory in use after: 65.2 MB.

Unloading 19 unused Assets to reduce memory usage. Loaded Objects now: 1819.
Total: 2.368700 ms (FindLiveObjects: 0.187100 ms CreateObjectMapping: 0.045200 ms MarkObjects: 2.025600 ms  DeleteObjects: 0.109500 ms)

========================================================================
Received Import Request.
  path: Assets
  artifactKey: Guid(00000000000000001000000000000000) Importer(815301076,1909f56bfc062723c751e8b465ee728b)
Start importing Assets using Guid(00000000000000001000000000000000) Importer(815301076,1909f56bfc062723c751e8b465ee728b)  -> (artifact id: '42d402b061de3733987d63b9cc3b64de') in 0.005383 seconds
  Import took 0.007949 seconds .

========================================================================
Received Import Request.
  Time since last request: 6.718772 seconds.
  path: Assets
  artifactKey: Guid(00000000000000001000000000000000) Importer(815301076,1909f56bfc062723c751e8b465ee728b)
Start importing Assets using Guid(00000000000000001000000000000000) Importer(815301076,1909f56bfc062723c751e8b465ee728b)  -> (artifact id: '42d402b061de3733987d63b9cc3b64de') in 0.003457 seconds
  Import took 0.038377 seconds .

========================================================================
Received Import Request.
  Time since last request: 86.596339 seconds.
  path: Assets/Kevin Iglesias
  artifactKey: Guid(c423dbf5715412645aa8d41ad20bb9eb) Importer(815301076,1909f56bfc062723c751e8b465ee728b)
Start importing Assets/Kevin Iglesias using Guid(c423dbf5715412645aa8d41ad20bb9eb) Importer(815301076,1909f56bfc062723c751e8b465ee728b)  -> (artifact id: 'd9ff0fe57a37eff8a8ce16ae4121c8b4') in 0.006411 seconds
  Import took 0.039544 seconds .

========================================================================
Received Import Request.
  Time since last request: 0.962893 seconds.
  path: Assets/Kevin Iglesias/3DCharacterDummy
  artifactKey: Guid(bbded66f86604884c9cc35ba69d3b2fc) Importer(815301076,1909f56bfc062723c751e8b465ee728b)
Start importing Assets/Kevin Iglesias/3DCharacterDummy using Guid(bbded66f86604884c9cc35ba69d3b2fc) Importer(815301076,1909f56bfc062723c751e8b465ee728b)  -> (artifact id: '53a62fc92809ad341827447f4663eeb3') in 0.004079 seconds
  Import took 0.008221 seconds .

========================================================================
Received Import Request.
  Time since last request: 5.425147 seconds.
  path: Assets/Kevin Iglesias/3DCharacterDummy/SourceFiles
  artifactKey: Guid(c151d5b7d069a4c47b84f4bae86ed11a) Importer(815301076,1909f56bfc062723c751e8b465ee728b)
Start importing Assets/Kevin Iglesias/3DCharacterDummy/SourceFiles using Guid(c151d5b7d069a4c47b84f4bae86ed11a) Importer(815301076,1909f56bfc062723c751e8b465ee728b)  -> (artifact id: 'a43b5c1f8411354372526175e5a347f2') in 0.003977 seconds
  Import took 0.037521 seconds .

========================================================================
Received Import Request.
  Time since last request: 0.426354 seconds.
  path: Assets/Kevin Iglesias/3DCharacterDummy/Textures
  artifactKey: Guid(7e686ef7af4386a4286a37d3be0deb87) Importer(815301076,1909f56bfc062723c751e8b465ee728b)
Start importing Assets/Kevin Iglesias/3DCharacterDummy/Textures using Guid(7e686ef7af4386a4286a37d3be0deb87) Importer(815301076,1909f56bfc062723c751e8b465ee728b)  -> (artifact id: '60da43fbf5b447573b1ff43f96d89781') in 0.005015 seconds
  Import took 0.038729 seconds .

========================================================================
Received Import Request.
  Time since last request: 0.014979 seconds.
  path: Assets/Kevin Iglesias/3DCharacterDummy/Textures/DummyTexture.png
  artifactKey: Guid(0c78f3bc217d9b24a9c1d10479de2940) Importer(815301076,1909f56bfc062723c751e8b465ee728b)
Start importing Assets/Kevin Iglesias/3DCharacterDummy/Textures/DummyTexture.png using Guid(0c78f3bc217d9b24a9c1d10479de2940) Importer(815301076,1909f56bfc062723c751e8b465ee728b)  -> (artifact id: '3cb8efe5d1d81416c057674f316bc88b') in 0.111836 seconds
  Import took 0.114805 seconds .

========================================================================
Received Import Request.
  Time since last request: 0.003070 seconds.
  path: Assets/Kevin Iglesias/3DCharacterDummy/Textures/DummyTexture.png
  artifactKey: Guid(0c78f3bc217d9b24a9c1d10479de2940) Importer(815301076,1909f56bfc062723c751e8b465ee728b)
Start importing Assets/Kevin Iglesias/3DCharacterDummy/Textures/DummyTexture.png using Guid(0c78f3bc217d9b24a9c1d10479de2940) Importer(815301076,1909f56bfc062723c751e8b465ee728b)  -> (artifact id: '3cb8efe5d1d81416c057674f316bc88b') in 0.012614 seconds
  Import took 0.018646 seconds .

========================================================================
Received Import Request.
  Time since last request: 2.720297 seconds.
  path: Assets/Kevin Iglesias/3DCharacterDummy/Models/FemaleDummy.fbx
  artifactKey: Guid(7144acb9459793743bd1b60b10fe0d30) Importer(815301076,1909f56bfc062723c751e8b465ee728b)
Start importing Assets/Kevin Iglesias/3DCharacterDummy/Models/FemaleDummy.fbx using Guid(7144acb9459793743bd1b60b10fe0d30) Importer(815301076,1909f56bfc062723c751e8b465ee728b)  -> (artifact id: '664bc1f4521dcc5ce073bdb54b0794d5') in 0.139438 seconds
  Import took 0.143174 seconds .

========================================================================
Received Import Request.
  Time since last request: 0.000351 seconds.
  path: Assets/Kevin Iglesias/3DCharacterDummy/Models/MaleDummy.fbx
  artifactKey: Guid(317a56890b5c8e74ab1d492a2c7fb608) Importer(815301076,1909f56bfc062723c751e8b465ee728b)
Start importing Assets/Kevin Iglesias/3DCharacterDummy/Models/MaleDummy.fbx using Guid(317a56890b5c8e74ab1d492a2c7fb608) Importer(815301076,1909f56bfc062723c751e8b465ee728b)  -> (artifact id: 'b1362e42df846459a9099c0c6ce71933') in 0.051489 seconds
  Import took 0.053946 seconds .

========================================================================
Received Import Request.
  Time since last request: 846.547907 seconds.
  path: Assets/MaleDummy_Walk.anim
  artifactKey: Guid(fd55fb711e6ce8341aa00392db4d3ed3) Importer(815301076,1909f56bfc062723c751e8b465ee728b)
Start importing Assets/MaleDummy_Walk.anim using Guid(fd55fb711e6ce8341aa00392db4d3ed3) Importer(815301076,1909f56bfc062723c751e8b465ee728b)  -> (artifact id: 'fb5cf3040bc0b546441ebe9c34fee80f') in 0.012387 seconds
  Import took 0.018009 seconds .

========================================================================
Received Import Request.
  Time since last request: 0.000887 seconds.
  path: Assets/MaleDummy_Walk.anim
  artifactKey: Guid(fd55fb711e6ce8341aa00392db4d3ed3) Importer(815301076,1909f56bfc062723c751e8b465ee728b)
Start importing Assets/MaleDummy_Walk.anim using Guid(fd55fb711e6ce8341aa00392db4d3ed3) Importer(815301076,1909f56bfc062723c751e8b465ee728b)  -> (artifact id: 'fb5cf3040bc0b546441ebe9c34fee80f') in 0.004024 seconds
  Import took 0.007733 seconds .

========================================================================
Received Import Request.
  Time since last request: 143.405798 seconds.
  path: Assets/MaleDummy_Animation.controller
  artifactKey: Guid(3da083c02694b294aab7bf9dec5b6b3f) Importer(815301076,1909f56bfc062723c751e8b465ee728b)
Start importing Assets/MaleDummy_Animation.controller using Guid(3da083c02694b294aab7bf9dec5b6b3f) Importer(815301076,1909f56bfc062723c751e8b465ee728b)  -> (artifact id: '6128a9575909a84cc21e7f2137fe8485') in 0.007424 seconds
  Import took 0.010736 seconds .

========================================================================
Received Import Request.
  Time since last request: 95.524022 seconds.
  path: Assets/New Animation.anim
  artifactKey: Guid(616e45413185273449b17fdf8342dfdb) Importer(815301076,1909f56bfc062723c751e8b465ee728b)
Start importing Assets/New Animation.anim using Guid(616e45413185273449b17fdf8342dfdb) Importer(815301076,1909f56bfc062723c751e8b465ee728b)  -> (artifact id: '745799f3720601e3d3675d7020d8cc49') in 0.005224 seconds
  Import took 0.008323 seconds .

AssetImportWorkerClient::OnTransportError - code=2 error=End of file
